app/build/intermediates/manifest_merge_blame_file/debug/manifest-merger-blame-debug-report.txt
1<?xml version="1.0" encoding="utf-8"?>
2<manifest xmlns:android="http://schemas.android.com/apk/res/android"
3    package="com.example.fleetdynamics"
4    android:versionCode="1"
5    android:versionName="1.0" >
6
7    <uses-sdk
8        android:minSdkVersion="21"
8-->src\main\AndroidManifest.xml
9        android:targetSdkVersion="29" />
9-->src\main\AndroidManifest.xml
10
11    <uses-permission android:name="android.permission.INTERNET" />
11-->src\main\AndroidManifest.xml:5:5-67
11-->src\main\AndroidManifest.xml:5:22-64
12
13    <!-- Although the *SdkVersion is captured in gradle build files, this is required for non gradle builds -->
14    <!-- <uses-sdk android:minSdkVersion="14"/> -->
15    <uses-permission android:name="android.permission.ACCESS_NETWORK_STATE" />
15-->[com.google.firebase:firebase-database:19.2.1] AndroidManifest.xml:25:5-79
15-->[com.google.firebase:firebase-database:19.2.1] AndroidManifest.xml:25:22-76
16    <uses-permission android:name="android.permission.WAKE_LOCK" /> <!-- Required by older versions of Google Play services to create IID tokens -->
16-->[com.google.android.gms:play-services-measurement-api:17.3.0] AndroidManifest.xml:24:5-68
16-->[com.google.android.gms:play-services-measurement-api:17.3.0] AndroidManifest.xml:24:22-65
17    <uses-permission android:name="com.google.android.c2dm.permission.RECEIVE" />
17-->[com.google.firebase:firebase-iid:20.0.2] AndroidManifest.xml:26:5-82
17-->[com.google.firebase:firebase-iid:20.0.2] AndroidManifest.xml:26:22-79
18    <uses-permission android:name="com.google.android.finsky.permission.BIND_GET_INSTALL_REFERRER_SERVICE" />
18-->[com.google.android.gms:play-services-measurement:17.3.0] AndroidManifest.xml:26:5-110
18-->[com.google.android.gms:play-services-measurement:17.3.0] AndroidManifest.xml:26:22-107
19
20    <application
20-->src\main\AndroidManifest.xml:8:5-31:19
21        android:allowBackup="true"
21-->src\main\AndroidManifest.xml:9:9-35
22        android:appComponentFactory="androidx.core.app.CoreComponentFactory"
22-->[androidx.core:core:1.1.0] AndroidManifest.xml:24:18-86
23        android:debuggable="true"
24        android:icon="@mipmap/ic_launcher"
24-->src\main\AndroidManifest.xml:10:9-43
25        android:label="@string/app_name"
25-->src\main\AndroidManifest.xml:11:9-41
26        android:roundIcon="@mipmap/ic_launcher_round"
26-->src\main\AndroidManifest.xml:12:9-54
27        android:supportsRtl="true"
27-->src\main\AndroidManifest.xml:13:9-35
28        android:testOnly="true"
29        android:theme="@style/AppTheme" >
29-->src\main\AndroidManifest.xml:14:9-40
30        <activity android:name="com.example.fleetdynamics.Settings" />
30-->src\main\AndroidManifest.xml:15:9-55
30-->src\main\AndroidManifest.xml:15:19-43
31        <activity android:name="com.example.fleetdynamics.RegisterActivity" />
31-->src\main\AndroidManifest.xml:16:9-63
31-->src\main\AndroidManifest.xml:16:19-51
32        <activity android:name="com.example.fleetdynamics.SearchAdapter" />
32-->src\main\AndroidManifest.xml:17:9-51
32-->src\main\AndroidManifest.xml:17:19-48
33        <activity android:name="com.example.fleetdynamics.DamageSearch" />
33-->src\main\AndroidManifest.xml:18:9-50
33-->src\main\AndroidManifest.xml:18:19-47
34        <activity android:name="com.example.fleetdynamics.MainActivity" />
34-->src\main\AndroidManifest.xml:19:9-49
34-->src\main\AndroidManifest.xml:19:19-47
35        <activity android:name="com.example.fleetdynamics.MapActivity" />
35-->src\main\AndroidManifest.xml:21:9-58
35-->src\main\AndroidManifest.xml:21:19-46
36        <activity android:name="com.example.fleetdynamics.LoginActivity" >
36-->src\main\AndroidManifest.xml:22:9-28:20
36-->src\main\AndroidManifest.xml:22:19-48
37            <intent-filter>
37-->src\main\AndroidManifest.xml:23:13-27:29
38                <action android:name="android.intent.action.MAIN" />
38-->src\main\AndroidManifest.xml:24:17-69
38-->src\main\AndroidManifest.xml:24:25-66
39
40                <category android:name="android.intent.category.LAUNCHER" />
40-->src\main\AndroidManifest.xml:26:17-77
40-->src\main\AndroidManifest.xml:26:27-74
41            </intent-filter>
42        </activity>
43        <activity
43-->[com.google.firebase:firebase-auth:19.3.0] AndroidManifest.xml:24:9-31:50
44            android:name="com.google.firebase.auth.internal.FederatedSignInActivity"
44-->[com.google.firebase:firebase-auth:19.3.0] AndroidManifest.xml:25:13-85
45            android:excludeFromRecents="true"
45-->[com.google.firebase:firebase-auth:19.3.0] AndroidManifest.xml:26:13-46
46            android:exported="true"
46-->[com.google.firebase:firebase-auth:19.3.0] AndroidManifest.xml:27:13-36
47            android:launchMode="singleTask"
47-->[com.google.firebase:firebase-auth:19.3.0] AndroidManifest.xml:28:13-44
48            android:permission="com.google.firebase.auth.api.gms.permission.LAUNCH_FEDERATED_SIGN_IN"
48-->[com.google.firebase:firebase-auth:19.3.0] AndroidManifest.xml:29:13-102
49            android:theme="@android:style/Theme.Translucent.NoTitleBar" />
49-->[com.google.firebase:firebase-auth:19.3.0] AndroidManifest.xml:30:13-72
50
51        <service
51-->[com.google.firebase:firebase-auth:19.3.0] AndroidManifest.xml:33:9-39:19
52            android:name="com.google.firebase.components.ComponentDiscoveryService"
52-->[com.google.firebase:firebase-auth:19.3.0] AndroidManifest.xml:34:13-84
53            android:directBootAware="true"
53-->[com.google.firebase:firebase-common:19.3.0] AndroidManifest.xml:34:13-43
54            android:exported="false" >
54-->[com.google.firebase:firebase-auth:19.3.0] AndroidManifest.xml:35:13-37
55            <meta-data
55-->[com.google.firebase:firebase-auth:19.3.0] AndroidManifest.xml:36:13-38:85
56                android:name="com.google.firebase.components:com.google.firebase.auth.FirebaseAuthRegistrar"
56-->[com.google.firebase:firebase-auth:19.3.0] AndroidManifest.xml:37:17-109
57                android:value="com.google.firebase.components.ComponentRegistrar" />
57-->[com.google.firebase:firebase-auth:19.3.0] AndroidManifest.xml:38:17-82
58            <meta-data
58-->[com.google.firebase:firebase-database:19.2.1] AndroidManifest.xml:32:13-34:85
59                android:name="com.google.firebase.components:com.google.firebase.database.DatabaseRegistrar"
59-->[com.google.firebase:firebase-database:19.2.1] AndroidManifest.xml:33:17-109
60                android:value="com.google.firebase.components.ComponentRegistrar" />
60-->[com.google.firebase:firebase-database:19.2.1] AndroidManifest.xml:34:17-82
61            <meta-data
61-->[com.google.firebase:firebase-firestore:17.1.2] AndroidManifest.xml:15:13-17:85
62                android:name="com.google.firebase.components:com.google.firebase.firestore.FirestoreRegistrar"
62-->[com.google.firebase:firebase-firestore:17.1.2] AndroidManifest.xml:16:17-111
63                android:value="com.google.firebase.components.ComponentRegistrar" />
63-->[com.google.firebase:firebase-firestore:17.1.2] AndroidManifest.xml:17:17-82
64            <meta-data
64-->[com.google.firebase:firebase-storage:19.1.1] AndroidManifest.xml:33:13-35:85
65                android:name="com.google.firebase.components:com.google.firebase.storage.StorageRegistrar"
65-->[com.google.firebase:firebase-storage:19.1.1] AndroidManifest.xml:34:17-107
66                android:value="com.google.firebase.components.ComponentRegistrar" />
66-->[com.google.firebase:firebase-storage:19.1.1] AndroidManifest.xml:35:17-82
67            <meta-data
67-->[com.google.android.gms:play-services-measurement-api:17.3.0] AndroidManifest.xml:30:13-32:85
68                android:name="com.google.firebase.components:com.google.firebase.analytics.connector.internal.AnalyticsConnectorRegistrar"
68-->[com.google.android.gms:play-services-measurement-api:17.3.0] AndroidManifest.xml:31:17-139
69                android:value="com.google.firebase.components.ComponentRegistrar" />
69-->[com.google.android.gms:play-services-measurement-api:17.3.0] AndroidManifest.xml:32:17-82
70            <meta-data
70-->[com.google.firebase:firebase-iid:20.0.2] AndroidManifest.xml:32:13-34:85
71                android:name="com.google.firebase.components:com.google.firebase.iid.Registrar"
71-->[com.google.firebase:firebase-iid:20.0.2] AndroidManifest.xml:33:17-96
72                android:value="com.google.firebase.components.ComponentRegistrar" />
72-->[com.google.firebase:firebase-iid:20.0.2] AndroidManifest.xml:34:17-82
73        </service>
74
75        <receiver
75-->[com.google.firebase:firebase-iid:20.0.2] AndroidManifest.xml:37:9-44:20
76            android:name="com.google.firebase.iid.FirebaseInstanceIdReceiver"
76-->[com.google.firebase:firebase-iid:20.0.2] AndroidManifest.xml:38:13-78
77            android:exported="true"
77-->[com.google.firebase:firebase-iid:20.0.2] AndroidManifest.xml:39:13-36
78            android:permission="com.google.android.c2dm.permission.SEND" >
78-->[com.google.firebase:firebase-iid:20.0.2] AndroidManifest.xml:40:13-73
79            <intent-filter>
79-->[com.google.firebase:firebase-iid:20.0.2] AndroidManifest.xml:41:13-43:29
80                <action android:name="com.google.android.c2dm.intent.RECEIVE" />
80-->[com.google.firebase:firebase-iid:20.0.2] AndroidManifest.xml:42:17-81
80-->[com.google.firebase:firebase-iid:20.0.2] AndroidManifest.xml:42:25-78
81            </intent-filter>
82        </receiver>
83
84        <activity
84-->[com.google.android.gms:play-services-base:17.1.0] AndroidManifest.xml:23:9-26:75
85            android:name="com.google.android.gms.common.api.GoogleApiActivity"
85-->[com.google.android.gms:play-services-base:17.1.0] AndroidManifest.xml:24:13-79
86            android:exported="false"
86-->[com.google.android.gms:play-services-base:17.1.0] AndroidManifest.xml:25:13-37
87            android:theme="@android:style/Theme.Translucent.NoTitleBar" />
87-->[com.google.android.gms:play-services-base:17.1.0] AndroidManifest.xml:26:13-72
88
89        <provider
89-->[com.google.firebase:firebase-common:19.3.0] AndroidManifest.xml:26:9-30:39
90            android:name="com.google.firebase.provider.FirebaseInitProvider"
90-->[com.google.firebase:firebase-common:19.3.0] AndroidManifest.xml:27:13-77
91            android:authorities="com.example.fleetdynamics.firebaseinitprovider"
91-->[com.google.firebase:firebase-common:19.3.0] AndroidManifest.xml:28:13-72
92            android:exported="false"
92-->[com.google.firebase:firebase-common:19.3.0] AndroidManifest.xml:29:13-37
93            android:initOrder="100" />
93-->[com.google.firebase:firebase-common:19.3.0] AndroidManifest.xml:30:13-36
94
95        <receiver
95-->[com.google.android.gms:play-services-measurement:17.3.0] AndroidManifest.xml:29:9-33:20
96            android:name="com.google.android.gms.measurement.AppMeasurementReceiver"
96-->[com.google.android.gms:play-services-measurement:17.3.0] AndroidManifest.xml:30:13-85
97            android:enabled="true"
97-->[com.google.android.gms:play-services-measurement:17.3.0] AndroidManifest.xml:31:13-35
98            android:exported="false" >
98-->[com.google.android.gms:play-services-measurement:17.3.0] AndroidManifest.xml:32:13-37
99        </receiver>
100        <receiver
100-->[com.google.android.gms:play-services-measurement:17.3.0] AndroidManifest.xml:34:9-42:20
101            android:name="com.google.android.gms.measurement.AppMeasurementInstallReferrerReceiver"
101-->[com.google.android.gms:play-services-measurement:17.3.0] AndroidManifest.xml:35:13-100
102            android:enabled="true"
102-->[com.google.android.gms:play-services-measurement:17.3.0] AndroidManifest.xml:36:13-35
103            android:exported="true"
103-->[com.google.android.gms:play-services-measurement:17.3.0] AndroidManifest.xml:37:13-36
104            android:permission="android.permission.INSTALL_PACKAGES" >
104-->[com.google.android.gms:play-services-measurement:17.3.0] AndroidManifest.xml:38:13-69
105            <intent-filter>
105-->[com.google.android.gms:play-services-measurement:17.3.0] AndroidManifest.xml:39:13-41:29
106                <action android:name="com.android.vending.INSTALL_REFERRER" />
106-->[com.google.android.gms:play-services-measurement:17.3.0] AndroidManifest.xml:40:17-79
106-->[com.google.android.gms:play-services-measurement:17.3.0] AndroidManifest.xml:40:25-76
107            </intent-filter>
108        </receiver>
109
110        <service
110-->[com.google.android.gms:play-services-measurement:17.3.0] AndroidManifest.xml:44:9-47:40
111            android:name="com.google.android.gms.measurement.AppMeasurementService"
111-->[com.google.android.gms:play-services-measurement:17.3.0] AndroidManifest.xml:45:13-84
112            android:enabled="true"
112-->[com.google.android.gms:play-services-measurement:17.3.0] AndroidManifest.xml:46:13-35
113            android:exported="false" />
113-->[com.google.android.gms:play-services-measurement:17.3.0] AndroidManifest.xml:47:13-37
114        <service
114-->[com.google.android.gms:play-services-measurement:17.3.0] AndroidManifest.xml:48:9-52:72
115            android:name="com.google.android.gms.measurement.AppMeasurementJobService"
115-->[com.google.android.gms:play-services-measurement:17.3.0] AndroidManifest.xml:49:13-87
116            android:enabled="true"
116-->[com.google.android.gms:play-services-measurement:17.3.0] AndroidManifest.xml:50:13-35
117            android:exported="false"
117-->[com.google.android.gms:play-services-measurement:17.3.0] AndroidManifest.xml:51:13-37
118            android:permission="android.permission.BIND_JOB_SERVICE" />
118-->[com.google.android.gms:play-services-measurement:17.3.0] AndroidManifest.xml:52:13-69
119
120        <meta-data
120-->[com.google.android.gms:play-services-basement:17.0.0] AndroidManifest.xml:23:9-25:69
121            android:name="com.google.android.gms.version"
121-->[com.google.android.gms:play-services-basement:17.0.0] AndroidManifest.xml:24:13-58
122            android:value="@integer/google_play_services_version" />
122-->[com.google.android.gms:play-services-basement:17.0.0] AndroidManifest.xml:25:13-66
123    </application>
124
125</manifest>